[02-15 22:21:30] p3241 {__init__:53} INFO - rtg v0.4.0 from /home/dipeshkr/.virtualenvs/mwe-3/lib/python3.8/site-packages
usage: rtg.decode [-h] [-if [INPUT [INPUT ...]]] [-of [OUTPUT [OUTPUT ...]]]
                  [-sc] [-b BATCH_SIZE] [-msl MAX_SRC_LEN] [-nb]
                  exp_dir
rtg.decode: error: argument -of/--output: can't open '.../temp/min_freq_200/skipgram/hi-en//4000/skipgram-skipgram/400/results/dev.out.tsv': [Errno 2] No such file or directory: '.../temp/min_freq_200/skipgram/hi-en//4000/skipgram-skipgram/400/results/dev.out.tsv'
[02-15 22:21:31] p3249 {__init__:53} INFO - rtg v0.4.0 from /home/dipeshkr/.virtualenvs/mwe-3/lib/python3.8/site-packages
usage: rtg.decode [-h] [-if [INPUT [INPUT ...]]] [-of [OUTPUT [OUTPUT ...]]]
                  [-sc] [-b BATCH_SIZE] [-msl MAX_SRC_LEN] [-nb]
                  exp_dir
rtg.decode: error: argument -of/--output: can't open '.../temp/min_freq_200/skipgram/hi-en//4000/skipgram-skipgram/400/results/test.out.tsv': [Errno 2] No such file or directory: '.../temp/min_freq_200/skipgram/hi-en//4000/skipgram-skipgram/400/results/test.out.tsv'
[02-15 22:29:10] p3379 {__init__:53} INFO - rtg v0.4.0 from /home/dipeshkr/.virtualenvs/mwe-3/lib/python3.8/site-packages
usage: rtg.decode [-h] [-if [INPUT [INPUT ...]]] [-of [OUTPUT [OUTPUT ...]]]
                  [-sc] [-b BATCH_SIZE] [-msl MAX_SRC_LEN] [-nb]
                  exp_dir
rtg.decode: error: argument -of/--output: can't open '.../temp/min_freq_200/skipgram/hi-en//4000/skipgram-skipgram/400/results/dev.out.tsv': [Errno 2] No such file or directory: '.../temp/min_freq_200/skipgram/hi-en//4000/skipgram-skipgram/400/results/dev.out.tsv'
[02-15 22:29:11] p3387 {__init__:53} INFO - rtg v0.4.0 from /home/dipeshkr/.virtualenvs/mwe-3/lib/python3.8/site-packages
usage: rtg.decode [-h] [-if [INPUT [INPUT ...]]] [-of [OUTPUT [OUTPUT ...]]]
                  [-sc] [-b BATCH_SIZE] [-msl MAX_SRC_LEN] [-nb]
                  exp_dir
rtg.decode: error: argument -of/--output: can't open '.../temp/min_freq_200/skipgram/hi-en//4000/skipgram-skipgram/400/results/test.out.tsv': [Errno 2] No such file or directory: '.../temp/min_freq_200/skipgram/hi-en//4000/skipgram-skipgram/400/results/test.out.tsv'
[02-15 22:37:00] p3457 {__init__:53} INFO - rtg v0.4.0 from /home/dipeshkr/.virtualenvs/mwe-3/lib/python3.8/site-packages
usage: rtg.decode [-h] [-if [INPUT [INPUT ...]]] [-of [OUTPUT [OUTPUT ...]]]
                  [-sc] [-b BATCH_SIZE] [-msl MAX_SRC_LEN] [-nb]
                  exp_dir
rtg.decode: error: argument -of/--output: can't open '.../temp/min_freq_200/skipgram/hi-en//8000/skipgram-skipgram/800/results/dev.out.tsv': [Errno 2] No such file or directory: '.../temp/min_freq_200/skipgram/hi-en//8000/skipgram-skipgram/800/results/dev.out.tsv'
[02-15 22:37:01] p3465 {__init__:53} INFO - rtg v0.4.0 from /home/dipeshkr/.virtualenvs/mwe-3/lib/python3.8/site-packages
usage: rtg.decode [-h] [-if [INPUT [INPUT ...]]] [-of [OUTPUT [OUTPUT ...]]]
                  [-sc] [-b BATCH_SIZE] [-msl MAX_SRC_LEN] [-nb]
                  exp_dir
rtg.decode: error: argument -of/--output: can't open '.../temp/min_freq_200/skipgram/hi-en//8000/skipgram-skipgram/800/results/test.out.tsv': [Errno 2] No such file or directory: '.../temp/min_freq_200/skipgram/hi-en//8000/skipgram-skipgram/800/results/test.out.tsv'
[02-15 22:44:47] p3568 {__init__:53} INFO - rtg v0.4.0 from /home/dipeshkr/.virtualenvs/mwe-3/lib/python3.8/site-packages
usage: rtg.decode [-h] [-if [INPUT [INPUT ...]]] [-of [OUTPUT [OUTPUT ...]]]
                  [-sc] [-b BATCH_SIZE] [-msl MAX_SRC_LEN] [-nb]
                  exp_dir
rtg.decode: error: argument -of/--output: can't open '.../temp/min_freq_200/skipgram/hi-en//8000/skipgram-skipgram/800/results/dev.out.tsv': [Errno 2] No such file or directory: '.../temp/min_freq_200/skipgram/hi-en//8000/skipgram-skipgram/800/results/dev.out.tsv'
[02-15 22:44:48] p3576 {__init__:53} INFO - rtg v0.4.0 from /home/dipeshkr/.virtualenvs/mwe-3/lib/python3.8/site-packages
usage: rtg.decode [-h] [-if [INPUT [INPUT ...]]] [-of [OUTPUT [OUTPUT ...]]]
                  [-sc] [-b BATCH_SIZE] [-msl MAX_SRC_LEN] [-nb]
                  exp_dir
rtg.decode: error: argument -of/--output: can't open '.../temp/min_freq_200/skipgram/hi-en//8000/skipgram-skipgram/800/results/test.out.tsv': [Errno 2] No such file or directory: '.../temp/min_freq_200/skipgram/hi-en//8000/skipgram-skipgram/800/results/test.out.tsv'
